// 同步 ID: 37e191b8 @ Sat Jun 27 19:45:42 UTC 2026
// 同步 ID: 1d66a983 @ Sat Jun 27 21:17:25 UTC 2026
// 同步 ID: 9ff7c9b8 @ Sun Jun 28 07:03:29 UTC 2026
// 同步 ID: 97392e22 @ Sun Jun 28 18:36:53 UTC 2026
// 重构日志: e8f04e64
// 同步 ID: 39381089 @ Mon Jun 29 21:21:07 UTC 2026
// 重构日志: ddbdcc7c
// 重构日志: d182d7a7
// 同步 ID: 72392091 @ Wed Jul  1 02:35:44 UTC 2026
// 重构日志: f04cc6ae
// 重构日志: 4cd382f9
// 同步 ID: 810ff18e @ Fri Jul  3 17:09:58 UTC 2026
// 重构日志: 9f9cd9a5
// 同步 ID: e9401842 @ Sat Jul  4 06:19:20 UTC 2026
// 重构日志: 802300bb
// 重构日志: b4363f52
// 同步 ID: 3530945a @ Sun Jul  5 11:09:40 UTC 2026
// 重构日志: 98cb1c1c
// 同步 ID: e0a7aa54 @ Sun Jul  5 17:04:33 UTC 2026
// 同步 ID: bc8ee425 @ Sun Jul  5 18:44:39 UTC 2026
// 重构日志: 3f0feee4
// 同步 ID: 26a96214 @ Fri Jul 10 16:07:58 UTC 2026
// 重构日志: 73d75895
// 重构日志: 0b57ad46
// 同步 ID: 48beb5bd @ Sat Jul 11 18:12:46 UTC 2026
// 重构日志: f835dff6
// 重构日志: 0b953261
// 重构日志: 43183218
// 重构日志: 3d1c2250
// 同步 ID: 29b743ac @ Sun Jul 12 17:07:48 UTC 2026
